<?xml version="1.0" encoding="UTF-8" ?>
<testsuite tests="76" failures="0" name="com.cucumber.StepDefinitions.RunToDoMVCTest" time="0.023" errors="0" skipped="0">
  <properties>
[...]
</properties>
  <testcase classname="Scenario: launch url for ToDoMVC" name="Given user navigates to url provided" time="0.003"/>
  <testcase classname="Scenario: launch url for ToDoMVC" name="When user handles advanced button" time="0"/>
  <testcase classname="Scenario: launch url for ToDoMVC" name="Then user is displayed Home screen" time="0"/>
  <testcase classname="Scenario: launch url for ToDoMVC" name="Scenario: launch url for ToDoMVC" time="0"/>
  <testcase classname="| Create a framework | ToDo Item is added to the List |" name="Given User is on ToDoMVC application Home Page." time="0"/>
  <testcase classname="| Create a framework | ToDo Item is added to the List |" name="When User enter new ToDo item As &quot;Create a framework&quot; in Textbox and submit it" time="0"/>
  <testcase classname="| Create a framework | ToDo Item is added to the List |" name="Then System Validate with Message As &quot;ToDo Item is added to the List&quot; list&quot;" time="0"/>
  <testcase classname="| Create a framework | ToDo Item is added to the List |" name="| Create a framework | ToDo Item is added to the List |" time="0.001"/>
  <testcase classname="| Create a framework | ToDo Item is marked completed successful |" name="Given User is on ToDoMVC application Home Page." time="0"/>
  <testcase classname="| Create a framework | ToDo Item is marked completed successful |" name="When User choose &quot;Create a framework&quot; from list to mark it completed" time="0"/>
  <testcase classname="| Create a framework | ToDo Item is marked completed successful |" name="Then Selected Item is marked as completed with Message As &quot;ToDo Item is marked completed successful&quot;" time="0"/>
  <testcase classname="| Create a framework | ToDo Item is marked completed successful |" name="| Create a framework | ToDo Item is marked completed successful |" time="0"/>
  <testcase classname="| Create a framework | ToDo Item is marked completed successful |" name="Given User is on ToDoMVC application Home Page." time="0"/>
  <testcase classname="| Create a framework | ToDo Item is marked completed successful |" name="When User click on clear complete button for &quot;Create a framework&quot; from list" time="0"/>
  <testcase classname="| Create a framework | ToDo Item is marked completed successful |" name="Then Completed Item is deleted with Message As &quot;ToDo Item is marked completed successful&quot;" time="0"/>
  <testcase classname="| Create a framework | ToDo Item is marked completed successful |" name="| Create a framework | ToDo Item is marked completed successful |" time="0"/>
  <testcase classname="Scenario: " name="Given User Open Browser" time="0"/>
  <testcase classname="Scenario: " name="And Navigate to URL Domain" time="0"/>
  <testcase classname="Scenario: " name="And User click on Advanced button" time="0"/>
  <testcase classname="Scenario: " name="Scenario: " time="0.001"/>
  <testcase classname="| Create a framework | ToDo Item is added to the List |" name="Given User is on ToDoMVC Home Page." time="0"/>
  <testcase classname="| Create a framework | ToDo Item is added to the List |" name="When User Enter ToDo item As &quot;Create a framework&quot; in Textbox and submit it" time="0"/>
  <testcase classname="| Create a framework | ToDo Item is added to the List |" name="Then System Validate with Message As &quot;ToDo Item is added to the List&quot;" time="0"/>
  <testcase classname="| Create a framework | ToDo Item is added to the List |" name="| Create a framework | ToDo Item is added to the List |" time="0"/>
  <testcase classname="| List Down All the test cases from user Story | ToDo Item is added to the List |" name="Given User is on ToDoMVC Home Page." time="0"/>
  <testcase classname="| List Down All the test cases from user Story | ToDo Item is added to the List |" name="When User Enter ToDo item As &quot;List Down All the test cases from user Story&quot; in Textbox and submit it" time="0"/>
  <testcase classname="| List Down All the test cases from user Story | ToDo Item is added to the List |" name="Then System Validate with Message As &quot;ToDo Item is added to the List&quot;" time="0"/>
  <testcase classname="| List Down All the test cases from user Story | ToDo Item is added to the List |" name="| List Down All the test cases from user Story | ToDo Item is added to the List |" time="0.001"/>
  <testcase classname="| Create feature file for all TCs | ToDo Item is added to the List |" name="Given User is on ToDoMVC Home Page." time="0.001"/>
  <testcase classname="| Create feature file for all TCs | ToDo Item is added to the List |" name="When User Enter ToDo item As &quot;Create feature file for all TCs&quot; in Textbox and submit it" time="0.006"/>
  <testcase classname="| Create feature file for all TCs | ToDo Item is added to the List |" name="Then System Validate with Message As &quot;ToDo Item is added to the List&quot;" time="0.001"/>
  <testcase classname="| Create feature file for all TCs | ToDo Item is added to the List |" name="| Create feature file for all TCs | ToDo Item is added to the List |" time="0.003"/>
  <testcase classname="| Implement feature file with selenium script | ToDo Item is added to the List |" name="Given User is on ToDoMVC Home Page." time="0"/>
  <testcase classname="| Implement feature file with selenium script | ToDo Item is added to the List |" name="When User Enter ToDo item As &quot;Implement feature file with selenium script&quot; in Textbox and submit it" time="0"/>
  <testcase classname="| Implement feature file with selenium script | ToDo Item is added to the List |" name="Then System Validate with Message As &quot;ToDo Item is added to the List&quot;" time="0.001"/>
  <testcase classname="| Implement feature file with selenium script | ToDo Item is added to the List |" name="| Implement feature file with selenium script | ToDo Item is added to the List |" time="0.002"/>
  <testcase classname="| Create a framework | ToDo Item is marked completed successful |" name="Given User is on ToDoMVC Home Page." time="0"/>
  <testcase classname="| Create a framework | ToDo Item is marked completed successful |" name="When User select &quot;Create a framework&quot; from list to mark it completed" time="0"/>
  <testcase classname="| Create a framework | ToDo Item is marked completed successful |" name="Then Selected Item is marked completed with Message As &quot;ToDo Item is marked completed successful&quot;" time="0"/>
  <testcase classname="| Create a framework | ToDo Item is marked completed successful |" name="| Create a framework | ToDo Item is marked completed successful |" time="0"/>
  <testcase classname="| Executes all the TCs developed | ToDo Item is added to the List |" name="Given User is on ToDoMVC Home Page." time="0"/>
  <testcase classname="| Executes all the TCs developed | ToDo Item is added to the List |" name="When User Enter ToDo item As &quot;Executes all the TCs developed&quot; in Textbox and submit it" time="0"/>
  <testcase classname="| Executes all the TCs developed | ToDo Item is added to the List |" name="Then System Validate with Message As &quot;ToDo Item is added to the List&quot;" time="0"/>
  <testcase classname="| Executes all the TCs developed | ToDo Item is added to the List |" name="| Executes all the TCs developed | ToDo Item is added to the List |" time="0"/>
  <testcase classname="| Create a framework | ToDo Item is there in completed List |" name="Given User is on ToDoMVC Home Page." time="0"/>
  <testcase classname="| Create a framework | ToDo Item is there in completed List |" name="When User Click on Completed filter" time="0"/>
  <testcase classname="| Create a framework | ToDo Item is there in completed List |" name="Then System Validate Completed &quot;Create a framework&quot; with Message As &quot;ToDo Item is there in completed List&quot;" time="0"/>
  <testcase classname="| Create a framework | ToDo Item is there in completed List |" name="| Create a framework | ToDo Item is there in completed List |" time="0.001"/>
  <testcase classname="| List Down All the test cases from user Story | ToDo Active Item is present in the List |" name="Given User is on ToDoMVC Home Page." time="0"/>
  <testcase classname="| List Down All the test cases from user Story | ToDo Active Item is present in the List |" name="When User Click on Active filter" time="0"/>
  <testcase classname="| List Down All the test cases from user Story | ToDo Active Item is present in the List |" name="Then System Validate Active &quot;List Down All the test cases from user Story&quot; with Message As &quot;ToDo Active Item is present in the List&quot;" time="0"/>
  <testcase classname="| List Down All the test cases from user Story | ToDo Active Item is present in the List |" name="| List Down All the test cases from user Story | ToDo Active Item is present in the List |" time="0.001"/>
  <testcase classname="| Create feature file for all TCs | ToDo Active Item is present in the List |" name="Given User is on ToDoMVC Home Page." time="0"/>
  <testcase classname="| Create feature file for all TCs | ToDo Active Item is present in the List |" name="When User Click on Active filter" time="0"/>
  <testcase classname="| Create feature file for all TCs | ToDo Active Item is present in the List |" name="Then System Validate Active &quot;Create feature file for all TCs&quot; with Message As &quot;ToDo Active Item is present in the List&quot;" time="0"/>
  <testcase classname="| Create feature file for all TCs | ToDo Active Item is present in the List |" name="| Create feature file for all TCs | ToDo Active Item is present in the List |" time="0"/>
  <testcase classname="| Implement feature file with selenium script | ToDo Active Item is present in the List |" name="Given User is on ToDoMVC Home Page." time="0"/>
  <testcase classname="| Implement feature file with selenium script | ToDo Active Item is present in the List |" name="When User Click on Active filter" time="0"/>
  <testcase classname="| Implement feature file with selenium script | ToDo Active Item is present in the List |" name="Then System Validate Active &quot;Implement feature file with selenium script&quot; with Message As &quot;ToDo Active Item is present in the List&quot;" time="0"/>
  <testcase classname="| Implement feature file with selenium script | ToDo Active Item is present in the List |" name="| Implement feature file with selenium script | ToDo Active Item is present in the List |" time="0"/>
  <testcase classname="| Executes all the TCs developed | ToDo Active Item is present in the List |" name="Given User is on ToDoMVC Home Page." time="0"/>
  <testcase classname="| Executes all the TCs developed | ToDo Active Item is present in the List |" name="When User Click on Active filter" time="0"/>
  <testcase classname="| Executes all the TCs developed | ToDo Active Item is present in the List |" name="Then System Validate Active &quot;Executes all the TCs developed&quot; with Message As &quot;ToDo Active Item is present in the List&quot;" time="0"/>
  <testcase classname="| Executes all the TCs developed | ToDo Active Item is present in the List |" name="| Executes all the TCs developed | ToDo Active Item is present in the List |" time="0"/>
  <testcase classname="| Create a framework | ToDo Item is there in All List |" name="Given User is on ToDoMVC Home Page." time="0"/>
  <testcase classname="| Create a framework | ToDo Item is there in All List |" name="When User Click on All filter" time="0"/>
  <testcase classname="| Create a framework | ToDo Item is there in All List |" name="Then System Validate All filter for &quot;Create a framework&quot; with Message As &quot;ToDo Item is there in All List&quot;" time="0"/>
  <testcase classname="| Create a framework | ToDo Item is there in All List |" name="| Create a framework | ToDo Item is there in All List |" time="0"/>
  <testcase classname="| Create a framework | ToDo Item is deleted from the List |" name="Given User is on ToDoMVC Home Page." time="0"/>
  <testcase classname="| Create a framework | ToDo Item is deleted from the List |" name="When User select completed &quot;Create a framework&quot; from list to delete it" time="0"/>
  <testcase classname="| Create a framework | ToDo Item is deleted from the List |" name="Then Selected Item is deleted with Message As &quot;ToDo Item is deleted from the List&quot;" time="0"/>
  <testcase classname="| Create a framework | ToDo Item is deleted from the List |" name="| Create a framework | ToDo Item is deleted from the List |" time="0"/>
  <testcase classname="| Executes all the TCs developed | in Cucumber | ToDo Item is edited successfully |" name="Given User is on ToDoMVC Home Page." time="0"/>
  <testcase classname="| Executes all the TCs developed | in Cucumber | ToDo Item is edited successfully |" name="When User click on &quot;Executes all the TCs developed&quot; to edit it with &quot;in Cucumber&quot;" time="0"/>
  <testcase classname="| Executes all the TCs developed | in Cucumber | ToDo Item is edited successfully |" name="Then System Validate after editing ToDO Item with Message As &quot;ToDo Item is edited successfully&quot;" time="0"/>
  <testcase classname="| Executes all the TCs developed | in Cucumber | ToDo Item is edited successfully |" name="| Executes all the TCs developed | in Cucumber | ToDo Item is edited successfully |" time="0.001"/>
</testsuite>